2025-01-06T00:21:38.980+08:00  INFO 15656 --- [main] com.marlonviado.K8sProjectApplication    : Starting K8sProjectApplication using Java 17.0.9 with PID 15656 (C:\Users\TEMP\Desktop\EUREKA_GATEWAY_CONFIG_ZIPKIN_SLEUTH_ELK\k8s-project\target\classes started by marlon_viado in C:\Users\TEMP\Desktop\EUREKA_GATEWAY_CONFIG_ZIPKIN_SLEUTH_ELK\k8s-project)
2025-01-06T00:21:38.986+08:00  INFO 15656 --- [main] com.marlonviado.K8sProjectApplication    : No active profile set, falling back to 1 default profile: "default"
2025-01-06T00:21:39.923+08:00  INFO 15656 --- [main] o.s.b.w.embedded.tomcat.TomcatWebServer  : Tomcat initialized with port 8082 (http)
2025-01-06T00:21:39.940+08:00  INFO 15656 --- [main] o.apache.catalina.core.StandardService   : Starting service [Tomcat]
2025-01-06T00:21:39.940+08:00  INFO 15656 --- [main] o.apache.catalina.core.StandardEngine    : Starting Servlet engine: [Apache Tomcat/10.1.34]
2025-01-06T00:21:40.024+08:00  INFO 15656 --- [main] o.a.c.c.C.[Tomcat].[localhost].[/]       : Initializing Spring embedded WebApplicationContext
2025-01-06T00:21:40.025+08:00  INFO 15656 --- [main] w.s.c.ServletWebServerApplicationContext : Root WebApplicationContext: initialization completed in 948 ms
2025-01-06T00:21:40.795+08:00  INFO 15656 --- [main] o.s.b.w.embedded.tomcat.TomcatWebServer  : Tomcat started on port 8082 (http) with context path '/'
2025-01-06T00:21:40.808+08:00  INFO 15656 --- [main] com.marlonviado.K8sProjectApplication    : Started K8sProjectApplication in 2.213 seconds (process running for 2.733)
2025-01-06T00:21:40.811+08:00  INFO 15656 --- [main] com.marlonviado.K8sProjectApplication    : Execute test() method
2025-01-06T00:28:47.856+08:00  INFO 15656 --- [RMI TCP Connection(9)-127.0.0.1] inMXBeanRegistrar$SpringApplicationAdmin : Application shutdown requested.
2025-01-06T00:51:41.184+08:00  INFO 9960 --- [main] com.marlonviado.K8sProjectApplication    : Starting K8sProjectApplication using Java 17.0.9 with PID 9960 (C:\Users\TEMP\Desktop\EUREKA_GATEWAY_CONFIG_ZIPKIN_SLEUTH_ELK\k8s-project\target\classes started by marlon_viado in C:\Users\TEMP\Desktop\EUREKA_GATEWAY_CONFIG_ZIPKIN_SLEUTH_ELK\k8s-project)
2025-01-06T00:51:41.186+08:00  INFO 9960 --- [main] com.marlonviado.K8sProjectApplication    : No active profile set, falling back to 1 default profile: "default"
2025-01-06T00:51:42.017+08:00  INFO 9960 --- [main] o.s.b.w.embedded.tomcat.TomcatWebServer  : Tomcat initialized with port 8082 (http)
2025-01-06T00:51:42.031+08:00  INFO 9960 --- [main] o.apache.catalina.core.StandardService   : Starting service [Tomcat]
2025-01-06T00:51:42.031+08:00  INFO 9960 --- [main] o.apache.catalina.core.StandardEngine    : Starting Servlet engine: [Apache Tomcat/10.1.34]
2025-01-06T00:51:42.077+08:00  INFO 9960 --- [main] o.a.c.c.C.[Tomcat].[localhost].[/]       : Initializing Spring embedded WebApplicationContext
2025-01-06T00:51:42.079+08:00  INFO 9960 --- [main] w.s.c.ServletWebServerApplicationContext : Root WebApplicationContext: initialization completed in 828 ms
2025-01-06T00:51:42.347+08:00  INFO 9960 --- [main] o.s.b.w.embedded.tomcat.TomcatWebServer  : Tomcat started on port 8082 (http) with context path '/'
2025-01-06T00:51:42.354+08:00  INFO 9960 --- [main] com.marlonviado.K8sProjectApplication    : Started K8sProjectApplication in 1.459 seconds (process running for 1.97)
2025-01-06T00:51:42.357+08:00  INFO 9960 --- [main] com.marlonviado.K8sProjectApplication    : Execute test() method
2025-01-06T00:51:45.492+08:00  INFO 9960 --- [RMI TCP Connection(2)-127.0.0.1] inMXBeanRegistrar$SpringApplicationAdmin : Application shutdown requested.
2025-01-06T00:52:13.014+08:00  INFO 15784 --- [main] com.marlonviado.K8sProjectApplication    : Starting K8sProjectApplication using Java 17.0.9 with PID 15784 (C:\Users\TEMP\Desktop\EUREKA_GATEWAY_CONFIG_ZIPKIN_SLEUTH_ELK\k8s-project\target\classes started by marlon_viado in C:\Users\TEMP\Desktop\EUREKA_GATEWAY_CONFIG_ZIPKIN_SLEUTH_ELK\k8s-project)
2025-01-06T00:52:13.016+08:00  INFO 15784 --- [main] com.marlonviado.K8sProjectApplication    : No active profile set, falling back to 1 default profile: "default"
2025-01-06T00:52:13.641+08:00  INFO 15784 --- [main] o.s.b.w.embedded.tomcat.TomcatWebServer  : Tomcat initialized with port 8082 (http)
2025-01-06T00:52:13.651+08:00  INFO 15784 --- [main] o.apache.catalina.core.StandardService   : Starting service [Tomcat]
2025-01-06T00:52:13.652+08:00  INFO 15784 --- [main] o.apache.catalina.core.StandardEngine    : Starting Servlet engine: [Apache Tomcat/10.1.34]
2025-01-06T00:52:13.694+08:00  INFO 15784 --- [main] o.a.c.c.C.[Tomcat].[localhost].[/]       : Initializing Spring embedded WebApplicationContext
2025-01-06T00:52:13.695+08:00  INFO 15784 --- [main] w.s.c.ServletWebServerApplicationContext : Root WebApplicationContext: initialization completed in 618 ms
2025-01-06T00:52:14.028+08:00  INFO 15784 --- [main] o.s.b.w.embedded.tomcat.TomcatWebServer  : Tomcat started on port 8082 (http) with context path '/'
2025-01-06T00:52:14.038+08:00  INFO 15784 --- [main] com.marlonviado.K8sProjectApplication    : Started K8sProjectApplication in 1.325 seconds (process running for 1.735)
2025-01-06T00:52:14.040+08:00  INFO 15784 --- [main] com.marlonviado.K8sProjectApplication    : Execute test() method
2025-01-06T00:52:31.603+08:00  INFO 15784 --- [http-nio-8082-exec-2] o.a.c.c.C.[Tomcat].[localhost].[/]       : Initializing Spring DispatcherServlet 'dispatcherServlet'
2025-01-06T00:52:31.603+08:00  INFO 15784 --- [http-nio-8082-exec-2] o.s.web.servlet.DispatcherServlet        : Initializing Servlet 'dispatcherServlet'
2025-01-06T00:52:31.606+08:00  INFO 15784 --- [http-nio-8082-exec-2] o.s.web.servlet.DispatcherServlet        : Completed initialization in 3 ms
2025-01-06T00:52:31.650+08:00  INFO 15784 --- [http-nio-8082-exec-2] com.marlonviado.K8sProjectApplication    : Execute test() method
2025-01-06T00:52:31.650+08:00  INFO 15784 --- [http-nio-8082-exec-2] com.marlonviado.K8sProjectApplication    : Hello from Kubernetes Service!
2025-01-06T01:02:28.926+08:00  INFO 15784 --- [RMI TCP Connection(12)-127.0.0.1] inMXBeanRegistrar$SpringApplicationAdmin : Application shutdown requested.
